2026-04-03 00:48:21,123 | INFO | 🚀 Полноценный Bitrix24 Robot запущен
2026-04-03 00:48:21,123 | INFO | Интервал создания задач: 181 минут
2026-04-03 00:48:21,124 | INFO | Для остановки нажми Ctrl + C

2026-04-03 00:48:21,124 | INFO | Попытка 1/3 → tasks.task.add
2026-04-03 00:48:22,478 | INFO | Успешно выполнен: tasks.task.add
2026-04-03 00:48:22,479 | INFO | ✅ Задача создана! ID = 34 | Автозадача — 2026-04-03 00:48
2026-04-03 00:48:22,479 | INFO | ⏳ Задача 34 будет завершена через 10 минут...
2026-04-03 00:58:22,480 | INFO | Попытка 1/3 → tasks.task.complete
2026-04-03 00:58:32,678 | WARNING | Таймаут на попытке 1. Ждём 7 секунд...
2026-04-03 00:58:39,678 | INFO | Попытка 2/3 → tasks.task.complete
2026-04-03 00:58:49,895 | WARNING | Таймаут на попытке 2. Ждём 7 секунд...
2026-04-03 00:58:56,896 | INFO | Попытка 3/3 → tasks.task.complete
2026-04-03 00:59:07,118 | WARNING | Таймаут на попытке 3. Ждём 7 секунд...
2026-04-03 00:59:14,118 | ERROR | Не удалось выполнить tasks.task.complete после 3 попыток
2026-04-03 00:59:14,119 | WARNING | ⚠️ Не удалось завершить задачу 34
2026-04-03 00:59:14,119 | INFO | ⏳ Следующая задача будет создана через 181 минут...

2026-04-03 01:04:48,978 | INFO | 🛑 Робот остановлен вручную (Ctrl + C)
2026-04-03 01:04:48,978 | INFO | Робот завершил работу.
2026-04-03 01:29:54,102 | INFO | 🚀 Полноценный Bitrix24 Robot запущен
2026-04-03 01:29:54,102 | INFO | Интервал создания задач: 181 минут
2026-04-03 01:29:54,102 | INFO | Для остановки нажми Ctrl + C

2026-04-03 01:29:54,102 | INFO | Попытка 1/3 → tasks.task.add
2026-04-03 01:29:56,038 | INFO | Успешно выполнен: tasks.task.add
2026-04-03 01:29:56,040 | INFO | ✅ Задача создана! ID = 36 | Автозадача — 2026-04-03 01:29
2026-04-03 01:29:56,040 | INFO | ⏳ Задача 36 будет завершена через 10 минут...
